<?xml version="1.0" encoding="UTF-8" ?>
<testsuite failures="0" time="0.435" errors="0" skipped="0" tests="3" name="TestSuite">
  <properties>
    <property name="java.runtime.name" value="Java(TM) SE Runtime Environment"/>
    <property name="sun.boot.library.path" value="D:\software\jdk\jdk-1.7x64\jre\bin"/>
    <property name="java.vm.version" value="24.80-b11"/>
    <property name="java.vm.vendor" value="Oracle Corporation"/>
    <property name="java.vendor.url" value="http://java.oracle.com/"/>
    <property name="path.separator" value=";"/>
    <property name="guice.disable.misplaced.annotation.check" value="true"/>
    <property name="java.vm.name" value="Java HotSpot(TM) 64-Bit Server VM"/>
    <property name="file.encoding.pkg" value="sun.io"/>
    <property name="user.script" value=""/>
    <property name="user.country" value="CN"/>
    <property name="sun.java.launcher" value="SUN_STANDARD"/>
    <property name="sun.os.patch.level" value="Service Pack 1"/>
    <property name="java.vm.specification.name" value="Java Virtual Machine Specification"/>
    <property name="user.dir" value="D:\software\workspacePT\spring-oauth-client"/>
    <property name="java.runtime.version" value="1.7.0_80-b15"/>
    <property name="java.awt.graphicsenv" value="sun.awt.Win32GraphicsEnvironment"/>
    <property name="basedir" value="D:\software\workspacePT\spring-oauth-client"/>
    <property name="java.endorsed.dirs" value="D:\software\jdk\jdk-1.7x64\jre\lib\endorsed"/>
    <property name="os.arch" value="amd64"/>
    <property name="java.io.tmpdir" value="C:\Users\cygaod\AppData\Local\Temp\"/>
    <property name="line.separator" value="
"/>
    <property name="java.vm.specification.vendor" value="Oracle Corporation"/>
    <property name="user.variant" value=""/>
    <property name="os.name" value="Windows 7"/>
    <property name="classworlds.conf" value="D:\software\workspacePT\.metadata\.plugins\org.eclipse.m2e.launching\launches\m2conf7380881935281749611.tmp"/>
    <property name="sun.jnu.encoding" value="GBK"/>
    <property name="java.library.path" value="D:\software\jdk\jdk-1.7x64\bin;C:\Windows\Sun\Java\bin;C:\Windows\system32;C:\Windows;D:/software/jdk/jdk-1.7x64/bin/../jre/bin/server;D:/software/jdk/jdk-1.7x64/bin/../jre/bin;D:/software/jdk/jdk-1.7x64/bin/../jre/lib/amd64;D:\software\jdk\jdk-1.7x64\bin;D:\software\jdk\jdk-1.7x64\jre\bin;D:\software\apache-maven-3.1.1\bin;C:\Windows\system32;C:\Windows;C:\Windows\System32\Wbem;C:\Windows\System32\WindowsPowerShell\v1.0\;D:\software\TortoiseSVN\bin;C:\Program Files (x86)\MySQL\MySQL Server 5.5\bin;D:\software\eclipse-64;;."/>
    <property name="surefire.test.class.path" value="D:\software\workspacePT\spring-oauth-client\target\test-classes;D:\software\workspacePT\spring-oauth-client\target\classes;D:\cygao\repository\javax\servlet\servlet-api\2.4\servlet-api-2.4.jar;D:\cygao\repository\javax\servlet\jsp\jsp-api\2.1\jsp-api-2.1.jar;D:\cygao\repository\opensymphony\sitemesh\2.4\sitemesh-2.4.jar;D:\cygao\repository\org\apache\httpcomponents\httpclient\4.3.5\httpclient-4.3.5.jar;D:\cygao\repository\org\apache\httpcomponents\httpcore\4.3.2\httpcore-4.3.2.jar;D:\cygao\repository\commons-codec\commons-codec\1.6\commons-codec-1.6.jar;D:\cygao\repository\org\springframework\spring-aop\4.1.6.RELEASE\spring-aop-4.1.6.RELEASE.jar;D:\cygao\repository\aopalliance\aopalliance\1.0\aopalliance-1.0.jar;D:\cygao\repository\org\springframework\spring-beans\4.1.6.RELEASE\spring-beans-4.1.6.RELEASE.jar;D:\cygao\repository\org\springframework\spring-context\4.1.6.RELEASE\spring-context-4.1.6.RELEASE.jar;D:\cygao\repository\org\springframework\spring-core\4.1.6.RELEASE\spring-core-4.1.6.RELEASE.jar;D:\cygao\repository\commons-logging\commons-logging\1.2\commons-logging-1.2.jar;D:\cygao\repository\org\springframework\spring-expression\4.1.6.RELEASE\spring-expression-4.1.6.RELEASE.jar;D:\cygao\repository\org\springframework\spring-web\4.1.6.RELEASE\spring-web-4.1.6.RELEASE.jar;D:\cygao\repository\org\springframework\spring-webmvc\4.1.6.RELEASE\spring-webmvc-4.1.6.RELEASE.jar;D:\cygao\repository\org\springframework\spring-context-support\4.1.6.RELEASE\spring-context-support-4.1.6.RELEASE.jar;D:\cygao\repository\log4j\log4j\1.2.14\log4j-1.2.14.jar;D:\cygao\repository\org\slf4j\slf4j-log4j12\1.7.5\slf4j-log4j12-1.7.5.jar;D:\cygao\repository\org\slf4j\slf4j-api\1.7.5\slf4j-api-1.7.5.jar;D:\cygao\repository\net\sf\json-lib\json-lib\2.4\json-lib-2.4-jdk15.jar;D:\cygao\repository\commons-beanutils\commons-beanutils\1.8.0\commons-beanutils-1.8.0.jar;D:\cygao\repository\commons-collections\commons-collections\3.2.1\commons-collections-3.2.1.jar;D:\cygao\repository\net\sf\ezmorph\ezmorph\1.0.6\ezmorph-1.0.6.jar;D:\cygao\repository\commons-lang\commons-lang\2.6\commons-lang-2.6.jar;D:\cygao\repository\javax\servlet\jstl\1.1.2\jstl-1.1.2.jar;D:\cygao\repository\taglibs\standard\1.1.2\standard-1.1.2.jar;D:\cygao\repository\org\springframework\spring-test\4.1.6.RELEASE\spring-test-4.1.6.RELEASE.jar;D:\cygao\repository\org\testng\testng\6.1.1\testng-6.1.1.jar;D:\cygao\repository\org\beanshell\bsh\2.0b4\bsh-2.0b4.jar;D:\cygao\repository\com\beust\jcommander\1.12\jcommander-1.12.jar;D:\cygao\repository\org\yaml\snakeyaml\1.6\snakeyaml-1.6.jar;"/>
    <property name="java.specification.name" value="Java Platform API Specification"/>
    <property name="java.class.version" value="51.0"/>
    <property name="sun.management.compiler" value="HotSpot 64-Bit Tiered Compilers"/>
    <property name="os.version" value="6.1"/>
    <property name="user.home" value="C:\Users\cygaod"/>
    <property name="user.timezone" value="Asia/Shanghai"/>
    <property name="java.awt.printerjob" value="sun.awt.windows.WPrinterJob"/>
    <property name="java.specification.version" value="1.7"/>
    <property name="file.encoding" value="GBK"/>
    <property name="user.name" value="cygaod"/>
    <property name="java.class.path" value="/D:/software/eclipse-64/plugins/org.eclipse.m2e.maven.runtime_1.5.0.20140605-2032/jars/plexus-classworlds-2.5.1.jar"/>
    <property name="org.slf4j.simpleLogger.defaultLogLevel" value="info"/>
    <property name="java.vm.specification.version" value="1.7"/>
    <property name="sun.arch.data.model" value="64"/>
    <property name="java.home" value="D:\software\jdk\jdk-1.7x64\jre"/>
    <property name="sun.java.command" value="org.codehaus.plexus.classworlds.launcher.Launcher -B -s D:\software\apache-maven-3.1.1\conf\settingsCYG.xml install"/>
    <property name="java.specification.vendor" value="Oracle Corporation"/>
    <property name="user.language" value="zh"/>
    <property name="awt.toolkit" value="sun.awt.windows.WToolkit"/>
    <property name="java.vm.info" value="mixed mode"/>
    <property name="java.version" value="1.7.0_80"/>
    <property name="java.ext.dirs" value="D:\software\jdk\jdk-1.7x64\jre\lib\ext;C:\Windows\Sun\Java\lib\ext"/>
    <property name="sun.boot.class.path" value="D:\software\jdk\jdk-1.7x64\jre\lib\resources.jar;D:\software\jdk\jdk-1.7x64\jre\lib\rt.jar;D:\software\jdk\jdk-1.7x64\jre\lib\sunrsasign.jar;D:\software\jdk\jdk-1.7x64\jre\lib\jsse.jar;D:\software\jdk\jdk-1.7x64\jre\lib\jce.jar;D:\software\jdk\jdk-1.7x64\jre\lib\charsets.jar;D:\software\jdk\jdk-1.7x64\jre\lib\jfr.jar;D:\software\jdk\jdk-1.7x64\jre\classes"/>
    <property name="java.vendor" value="Oracle Corporation"/>
    <property name="maven.home" value="D:\software\workspacePT\spring-oauth-client\EMBEDDED"/>
    <property name="localRepository" value="D:\cygao\repository"/>
    <property name="file.separator" value="\"/>
    <property name="java.vendor.url.bug" value="http://bugreport.sun.com/bugreport/"/>
    <property name="sun.cpu.endian" value="little"/>
    <property name="sun.io.unicode.encoding" value="UnicodeLittle"/>
    <property name="sun.desktop" value="windows"/>
    <property name="sun.cpu.isalist" value="amd64"/>
  </properties>
  <testcase time="0.156" name="testParseJSON"/>
  <testcase time="0.032" name="testXML"/>
  <testcase time="0" name="redirectUri"/>
</testsuite>