<?xml version="1.0" encoding="UTF-8"?>
<!-- Generated by org.testng.reporters.JUnitReportReporter -->
<testsuite hostname="iss210101001168" name="com.andaily.springoauth.service.impl.UserDtoResponseHandlerTest" tests="1" failures="0" timestamp="18 Nov 2015 03:13:48 GMT" time="0.032" errors="0">
  <testcase name="testXML" time="0.032" classname="com.andaily.springoauth.service.impl.UserDtoResponseHandlerTest"/>
</testsuite>
